# JRE version: Java(TM) SE Runtime Environment (8.0_144-b01) (build 1.8.0_144-b01)
# Java VM: Java HotSpot(TM) 64-Bit Server VM (25.144-b01 mixed mode windows-amd64 compressed oops)
Heap:
 PSYoungGen      total 18432K, used 10679K [0x00000000eb980000, 0x00000000ed480000, 0x0000000100000000)
  eden space 15872K, 59% used [0x00000000eb980000,0x00000000ec2b49a0,0x00000000ec900000)
  from space 2560K, 48% used [0x00000000ec900000,0x00000000eca39588,0x00000000ecb80000)
  to   space 2560K, 0% used [0x00000000ed200000,0x00000000ed200000,0x00000000ed480000)
 ParOldGen       total 28160K, used 3151K [0x00000000c2c00000, 0x00000000c4780000, 0x00000000eb980000)
  object space 28160K, 11% used [0x00000000c2c00000,0x00000000c2f13f78,0x00000000c4780000)
 Metaspace       used 15263K, capacity 15834K, committed 16000K, reserved 1064960K
  class space    used 2174K, capacity 2321K, committed 2432K, reserved 1048576K
GC Heap History (8 events):
Event: 0.874 GC heap before
{Heap before GC invocations=1 (full 0):
 PSYoungGen      total 18432K, used 15872K [0x00000000eb980000, 0x00000000ece00000, 0x0000000100000000)
  eden space 15872K, 100% used [0x00000000eb980000,0x00000000ec900000,0x00000000ec900000)
  from space 2560K, 0% used [0x00000000ecb80000,0x00000000ecb80000,0x00000000ece00000)
  to   space 2560K, 0% used [0x00000000ec900000,0x00000000ec900000,0x00000000ecb80000)
 ParOldGen       total 42496K, used 0K [0x00000000c2c00000, 0x00000000c5580000, 0x00000000eb980000)
  object space 42496K, 0% used [0x00000000c2c00000,0x00000000c2c00000,0x00000000c5580000)
 Metaspace       used 10724K, capacity 11118K, committed 11264K, reserved 1058816K
  class space    used 1378K, capacity 1503K, committed 1536K, reserved 1048576K
Event: 0.880 GC heap after
Heap after GC invocations=1 (full 0):
 PSYoungGen      total 18432K, used 2552K [0x00000000eb980000, 0x00000000ece00000, 0x0000000100000000)
  eden space 15872K, 0% used [0x00000000eb980000,0x00000000eb980000,0x00000000ec900000)
  from space 2560K, 99% used [0x00000000ec900000,0x00000000ecb7e010,0x00000000ecb80000)
  to   space 2560K, 0% used [0x00000000ecb80000,0x00000000ecb80000,0x00000000ece00000)
 ParOldGen       total 42496K, used 602K [0x00000000c2c00000, 0x00000000c5580000, 0x00000000eb980000)
  object space 42496K, 1% used [0x00000000c2c00000,0x00000000c2c968c0,0x00000000c5580000)
 Metaspace       used 10724K, capacity 11118K, committed 11264K, reserved 1058816K
  class space    used 1378K, capacity 1503K, committed 1536K, reserved 1048576K
}
Event: 0.976 GC heap before
{Heap before GC invocations=2 (full 0):
 PSYoungGen      total 18432K, used 5021K [0x00000000eb980000, 0x00000000ece00000, 0x0000000100000000)
  eden space 15872K, 15% used [0x00000000eb980000,0x00000000ebbe9428,0x00000000ec900000)
  from space 2560K, 99% used [0x00000000ec900000,0x00000000ecb7e010,0x00000000ecb80000)
  to   space 2560K, 0% used [0x00000000ecb80000,0x00000000ecb80000,0x00000000ece00000)
 ParOldGen       total 42496K, used 602K [0x00000000c2c00000, 0x00000000c5580000, 0x00000000eb980000)
  object space 42496K, 1% used [0x00000000c2c00000,0x00000000c2c968c0,0x00000000c5580000)
 Metaspace       used 11756K, capacity 12118K, committed 12288K, reserved 1064960K
  class space    used 1548K, capacity 1667K, committed 1792K, reserved 1048576K
Event: 0.981 GC heap after
Heap after GC invocations=2 (full 0):
 PSYoungGen      total 18432K, used 2552K [0x00000000eb980000, 0x00000000ece00000, 0x0000000100000000)
  eden space 15872K, 0% used [0x00000000eb980000,0x00000000eb980000,0x00000000ec900000)
  from space 2560K, 99% used [0x00000000ecb80000,0x00000000ecdfe030,0x00000000ece00000)
  to   space 2560K, 0% used [0x00000000ec900000,0x00000000ec900000,0x00000000ecb80000)
 ParOldGen       total 42496K, used 690K [0x00000000c2c00000, 0x00000000c5580000, 0x00000000eb980000)
  object space 42496K, 1% used [0x00000000c2c00000,0x00000000c2cac8c0,0x00000000c5580000)
 Metaspace       used 11756K, capacity 12118K, committed 12288K, reserved 1064960K
  class space    used 1548K, capacity 1667K, committed 1792K, reserved 1048576K
}
Event: 0.981 GC heap before
{Heap before GC invocations=3 (full 1):
 PSYoungGen      total 18432K, used 2552K [0x00000000eb980000, 0x00000000ece00000, 0x0000000100000000)
  eden space 15872K, 0% used [0x00000000eb980000,0x00000000eb980000,0x00000000ec900000)
  from space 2560K, 99% used [0x00000000ecb80000,0x00000000ecdfe030,0x00000000ece00000)
  to   space 2560K, 0% used [0x00000000ec900000,0x00000000ec900000,0x00000000ecb80000)
 ParOldGen       total 42496K, used 690K [0x00000000c2c00000, 0x00000000c5580000, 0x00000000eb980000)
  object space 42496K, 1% used [0x00000000c2c00000,0x00000000c2cac8c0,0x00000000c5580000)
 Metaspace       used 11756K, capacity 12118K, committed 12288K, reserved 1064960K
  class space    used 1548K, capacity 1667K, committed 1792K, reserved 1048576K
Event: 1.007 GC heap after
Heap after GC invocations=3 (full 1):
 PSYoungGen      total 18432K, used 0K [0x00000000eb980000, 0x00000000ece00000, 0x0000000100000000)
  eden space 15872K, 0% used [0x00000000eb980000,0x00000000eb980000,0x00000000ec900000)
  from space 2560K, 0% used [0x00000000ecb80000,0x00000000ecb80000,0x00000000ece00000)
  to   space 2560K, 0% used [0x00000000ec900000,0x00000000ec900000,0x00000000ecb80000)
 ParOldGen       total 28160K, used 3143K [0x00000000c2c00000, 0x00000000c4780000, 0x00000000eb980000)
  object space 28160K, 11% used [0x00000000c2c00000,0x00000000c2f11f78,0x00000000c4780000)
 Metaspace       used 11756K, capacity 12118K, committed 12288K, reserved 1062912K
  class space    used 1548K, capacity 1667K, committed 1792K, reserved 1048576K
}
Event: 3.511 GC heap before
{Heap before GC invocations=4 (full 1):
 PSYoungGen      total 18432K, used 15872K [0x00000000eb980000, 0x00000000ece00000, 0x0000000100000000)
  eden space 15872K, 100% used [0x00000000eb980000,0x00000000ec900000,0x00000000ec900000)
  from space 2560K, 0% used [0x00000000ecb80000,0x00000000ecb80000,0x00000000ece00000)
  to   space 2560K, 0% used [0x00000000ec900000,0x00000000ec900000,0x00000000ecb80000)
 ParOldGen       total 28160K, used 3143K [0x00000000c2c00000, 0x00000000c4780000, 0x00000000eb980000)
  object space 28160K, 11% used [0x00000000c2c00000,0x00000000c2f11f78,0x00000000c4780000)
 Metaspace       used 15199K, capacity 15834K, committed 16000K, reserved 1064960K
  class space    used 2173K, capacity 2321K, committed 2432K, reserved 1048576K
Event: 3.515 GC heap after
Heap after GC invocations=4 (full 1):
 PSYoungGen      total 18432K, used 1253K [0x00000000eb980000, 0x00000000ed480000, 0x0000000100000000)
  eden space 15872K, 0% used [0x00000000eb980000,0x00000000eb980000,0x00000000ec900000)
  from space 2560K, 48% used [0x00000000ec900000,0x00000000eca39588,0x00000000ecb80000)
  to   space 2560K, 0% used [0x00000000ed200000,0x00000000ed200000,0x00000000ed480000)
 ParOldGen       total 28160K, used 3151K [0x00000000c2c00000, 0x00000000c4780000, 0x00000000eb980000)
  object space 28160K, 11% used [0x00000000c2c00000,0x00000000c2f13f78,0x00000000c4780000)
 Metaspace       used 15199K, capacity 15834K, committed 16000K, reserved 1064960K
  class space    used 2173K, capacity 2321K, committed 2432K, reserved 1048576K
}

